<?xml version="1.0" encoding="UTF-8"?>
<testsuite name="hello.UsersResourceTest" tests="1" skipped="0" failures="1" errors="0" timestamp="2017-09-17T00:01:26" hostname="Boweis-MacBook-Pro.local" time="0.0">
  <properties/>
  <testcase name="initializationError" classname="hello.UsersResourceTest" time="0.0">
    <failure message="java.lang.IllegalStateException: Unable to find a @SpringBootConfiguration, you need to use @ContextConfiguration or @SpringBootTest(classes=...) with your test" type="java.lang.IllegalStateException">java.lang.IllegalStateException: Unable to find a @SpringBootConfiguration, you need to use @ContextConfiguration or @SpringBootTest(classes=...) with your test
	at org.springframework.util.Assert.state(Assert.java:70)
	at org.springframework.boot.test.context.SpringBootTestContextBootstrapper.getOrFindConfigurationClasses(SpringBootTestContextBootstrapper.java:202)
	at org.springframework.boot.test.context.SpringBootTestContextBootstrapper.processMergedContextConfiguration(SpringBootTestContextBootstrapper.java:137)
	at org.springframework.test.context.support.AbstractTestContextBootstrapper.buildMergedContextConfiguration(AbstractTestContextBootstrapper.java:409)
	at org.springframework.test.context.support.AbstractTestContextBootstrapper.buildDefaultMergedContextConfiguration(AbstractTestContextBootstrapper.java:323)
	at org.springframework.test.context.support.AbstractTestContextBootstrapper.buildMergedContextConfiguration(AbstractTestContextBootstrapper.java:277)
	at org.springframework.test.context.support.AbstractTestContextBootstrapper.buildTestContext(AbstractTestContextBootstrapper.java:112)
	at org.springframework.boot.test.context.SpringBootTestContextBootstrapper.buildTestContext(SpringBootTestContextBootstrapper.java:82)
	at org.springframework.test.context.TestContextManager.&lt;init&gt;(TestContextManager.java:120)
	at org.springframework.test.context.TestContextManager.&lt;init&gt;(TestContextManager.java:105)
	at org.springframework.test.context.junit4.SpringJUnit4ClassRunner.createTestContextManager(SpringJUnit4ClassRunner.java:152)
	at org.springframework.test.context.junit4.SpringJUnit4ClassRunner.&lt;init&gt;(SpringJUnit4ClassRunner.java:143)
	at org.springframework.test.context.junit4.SpringRunner.&lt;init&gt;(SpringRunner.java:49)
	at sun.reflect.NativeConstructorAccessorImpl.newInstance0(Native Method)
	at sun.reflect.NativeConstructorAccessorImpl.newInstance(NativeConstructorAccessorImpl.java:62)
	at sun.reflect.DelegatingConstructorAccessorImpl.newInstance(DelegatingConstructorAccessorImpl.java:45)
	at java.lang.reflect.Constructor.newInstance(Constructor.java:423)
	at org.junit.internal.builders.AnnotatedBuilder.buildRunner(AnnotatedBuilder.java:104)
	at org.junit.internal.builders.AnnotatedBuilder.runnerForClass(AnnotatedBuilder.java:86)
	at org.junit.runners.model.RunnerBuilder.safeRunnerForClass(RunnerBuilder.java:59)
	at org.junit.internal.builders.AllDefaultPossibilitiesBuilder.runnerForClass(AllDefaultPossibilitiesBuilder.java:26)
	at org.junit.runners.model.RunnerBuilder.safeRunnerForClass(RunnerBuilder.java:59)
	at org.junit.internal.requests.ClassRequest.getRunner(ClassRequest.java:33)
	at org.gradle.api.internal.tasks.testing.junit.JUnitTestClassExecuter.runTestClass(JUnitTestClassExecuter.java:84)
	at org.gradle.api.internal.tasks.testing.junit.JUnitTestClassExecuter.execute(JUnitTestClassExecuter.java:56)
	at org.gradle.api.internal.tasks.testing.junit.JUnitTestClassProcessor.processTestClass(JUnitTestClassProcessor.java:66)
	at org.gradle.api.internal.tasks.testing.SuiteTestClassProcessor.processTestClass(SuiteTestClassProcessor.java:51)
	at sun.reflect.NativeMethodAccessorImpl.invoke0(Native Method)
	at sun.reflect.NativeMethodAccessorImpl.invoke(NativeMethodAccessorImpl.java:62)
	at sun.reflect.DelegatingMethodAccessorImpl.invoke(DelegatingMethodAccessorImpl.java:43)
	at java.lang.reflect.Method.invoke(Method.java:498)
	at org.gradle.messaging.dispatch.ReflectionDispatch.dispatch(ReflectionDispatch.java:35)
	at org.gradle.messaging.dispatch.ReflectionDispatch.dispatch(ReflectionDispatch.java:24)
	at org.gradle.messaging.dispatch.ContextClassLoaderDispatch.dispatch(ContextClassLoaderDispatch.java:32)
	at org.gradle.messaging.dispatch.ProxyDispatchAdapter$DispatchingInvocationHandler.invoke(ProxyDispatchAdapter.java:93)
	at com.sun.proxy.$Proxy2.processTestClass(Unknown Source)
	at org.gradle.api.internal.tasks.testing.worker.TestWorker.processTestClass(TestWorker.java:109)
	at sun.reflect.NativeMethodAccessorImpl.invoke0(Native Method)
	at sun.reflect.NativeMethodAccessorImpl.invoke(NativeMethodAccessorImpl.java:62)
	at sun.reflect.DelegatingMethodAccessorImpl.invoke(DelegatingMethodAccessorImpl.java:43)
	at java.lang.reflect.Method.invoke(Method.java:498)
	at org.gradle.messaging.dispatch.ReflectionDispatch.dispatch(ReflectionDispatch.java:35)
	at org.gradle.messaging.dispatch.ReflectionDispatch.dispatch(ReflectionDispatch.java:24)
	at org.gradle.messaging.remote.internal.hub.MessageHub$Handler.run(MessageHub.java:364)
	at org.gradle.internal.concurrent.ExecutorPolicy$CatchAndRecordFailures.onExecute(ExecutorPolicy.java:54)
	at org.gradle.internal.concurrent.StoppableExecutorImpl$1.run(StoppableExecutorImpl.java:40)
	at java.util.concurrent.ThreadPoolExecutor.runWorker(ThreadPoolExecutor.java:1142)
	at java.util.concurrent.ThreadPoolExecutor$Worker.run(ThreadPoolExecutor.java:617)
	at java.lang.Thread.run(Thread.java:745)
</failure>
  </testcase>
  <system-out><![CDATA[20:01:26.330 [Test worker] DEBUG org.springframework.test.context.junit4.SpringJUnit4ClassRunner - SpringJUnit4ClassRunner constructor called with [class hello.UsersResourceTest]
20:01:26.330 [Test worker] DEBUG org.springframework.test.context.BootstrapUtils - Instantiating CacheAwareContextLoaderDelegate from class [org.springframework.test.context.cache.DefaultCacheAwareContextLoaderDelegate]
20:01:26.330 [Test worker] DEBUG org.springframework.test.context.BootstrapUtils - Instantiating BootstrapContext using constructor [public org.springframework.test.context.support.DefaultBootstrapContext(java.lang.Class,org.springframework.test.context.CacheAwareContextLoaderDelegate)]
20:01:26.331 [Test worker] DEBUG org.springframework.test.context.BootstrapUtils - Instantiating TestContextBootstrapper for test class [hello.UsersResourceTest] from class [org.springframework.boot.test.context.SpringBootTestContextBootstrapper]
20:01:26.332 [Test worker] INFO org.springframework.boot.test.context.SpringBootTestContextBootstrapper - Neither @ContextConfiguration nor @ContextHierarchy found for test class [hello.UsersResourceTest], using SpringBootContextLoader
20:01:26.333 [Test worker] DEBUG org.springframework.test.context.support.AbstractContextLoader - Did not detect default resource location for test class [hello.UsersResourceTest]: class path resource [hello/UsersResourceTest-context.xml] does not exist
20:01:26.333 [Test worker] DEBUG org.springframework.test.context.support.AbstractContextLoader - Did not detect default resource location for test class [hello.UsersResourceTest]: class path resource [hello/UsersResourceTestContext.groovy] does not exist
20:01:26.333 [Test worker] INFO org.springframework.test.context.support.AbstractContextLoader - Could not detect default resource locations for test class [hello.UsersResourceTest]: no resource found for suffixes {-context.xml, Context.groovy}.
20:01:26.333 [Test worker] INFO org.springframework.test.context.support.AnnotationConfigContextLoaderUtils - Could not detect default configuration classes for test class [hello.UsersResourceTest]: UsersResourceTest does not declare any static, non-private, non-final, nested classes annotated with @Configuration.
20:01:26.356 [Test worker] DEBUG org.springframework.test.context.support.ActiveProfilesUtils - Could not find an 'annotation declaring class' for annotation type [org.springframework.test.context.ActiveProfiles] and class [hello.UsersResourceTest]
20:01:26.356 [Test worker] DEBUG org.springframework.core.env.StandardEnvironment - Adding PropertySource 'systemProperties' with lowest search precedence
20:01:26.356 [Test worker] DEBUG org.springframework.core.env.StandardEnvironment - Adding PropertySource 'systemEnvironment' with lowest search precedence
20:01:26.357 [Test worker] DEBUG org.springframework.core.env.StandardEnvironment - Initialized StandardEnvironment with PropertySources [MapPropertySource@605265969 {name='systemProperties', properties={java.runtime.name=Java(TM) SE Runtime Environment, sun.boot.library.path=/Library/Java/JavaVirtualMachines/jdk1.8.0_101.jdk/Contents/Home/jre/lib, java.vm.version=25.101-b13, gopherProxySet=false, java.vm.vendor=Oracle Corporation, java.vendor.url=http://java.oracle.com/, path.separator=:, java.vm.name=Java HotSpot(TM) 64-Bit Server VM, file.encoding.pkg=sun.io, sun.java.launcher=SUN_STANDARD, user.country=US, sun.os.patch.level=unknown, java.vm.specification.name=Java Virtual Machine Specification, user.dir=/Users/bowei/Documents/Development/bsa/bsa-server, java.runtime.version=1.8.0_101-b13, java.awt.graphicsenv=sun.awt.CGraphicsEnvironment, java.endorsed.dirs=/Library/Java/JavaVirtualMachines/jdk1.8.0_101.jdk/Contents/Home/jre/lib/endorsed, os.arch=x86_64, java.io.tmpdir=/var/folders/3h/2f91h1711v7gpdy8gqt4j4_00000gn/T/, line.separator=
, java.vm.specification.vendor=Oracle Corporation, user.variant=, os.name=Mac OS X, sun.jnu.encoding=UTF-8, java.library.path=/Users/bowei/Library/Java/Extensions:/Library/Java/Extensions:/Network/Library/Java/Extensions:/System/Library/Java/Extensions:/usr/lib/java:., java.specification.name=Java Platform API Specification, java.class.version=52.0, sun.management.compiler=HotSpot 64-Bit Tiered Compilers, os.version=10.11.6, http.nonProxyHosts=local|*.local|169.254/16|*.169.254/16, user.home=/Users/bowei, user.timezone=America/Toronto, java.awt.printerjob=sun.lwawt.macosx.CPrinterJob, file.encoding=UTF-8, java.specification.version=1.8, java.class.path=/Users/bowei/Documents/Development/bsa/bsa-server/build/classes/test:/Users/bowei/Documents/Development/bsa/bsa-server/build/resources/test:/Users/bowei/Documents/Development/bsa/bsa-server/build/classes/main:/Users/bowei/Documents/Development/bsa/bsa-server/build/resources/main:/Users/bowei/.gradle/caches/modules-2/files-2.1/org.springframework.boot/spring-boot-starter-web/1.5.7.RELEASE/a862305be8b7512a41f6768d825ed37251ccbbe0/spring-boot-starter-web-1.5.7.RELEASE.jar:/Users/bowei/.gradle/caches/modules-2/files-2.1/org.springframework.boot/spring-boot-starter-jetty/1.5.7.RELEASE/a2864d0a6cd7fff55fb27b66933c26544b3bfaf4/spring-boot-starter-jetty-1.5.7.RELEASE.jar:/Users/bowei/.gradle/caches/modules-2/files-2.1/org.springframework.boot/spring-boot-starter-actuator/1.5.7.RELEASE/c8058080955524edbbacda602f25d1c5fdf2a3a9/spring-boot-starter-actuator-1.5.7.RELEASE.jar:/Users/bowei/.gradle/caches/modules-2/files-2.1/org.springframework.boot/spring-boot-starter-security/1.5.7.RELEASE/e680aa1a8990a6e98e7a843c88f0a8bc378bb4d/spring-boot-starter-security-1.5.7.RELEASE.jar:/Users/bowei/.gradle/caches/modules-2/files-2.1/junit/junit/4.12/2973d150c0dc1fefe998f834810d68f278ea58ec/junit-4.12.jar:/Users/bowei/.gradle/caches/modules-2/files-2.1/org.springframework.boot/spring-boot-starter-test/1.5.7.RELEASE/d23f37a72c2d4e46aba66bc69a649213f9cadeee/spring-boot-starter-test-1.5.7.RELEASE.jar:/Users/bowei/.gradle/caches/modules-2/files-2.1/org.springframework.boot/spring-boot-starter/1.5.7.RELEASE/b42fe6962dd8b3be4ac8c1d7134d0ca2d0a35c7e/spring-boot-starter-1.5.7.RELEASE.jar:/Users/bowei/.gradle/caches/modules-2/files-2.1/org.hibernate/hibernate-validator/5.3.5.Final/622a9bcef2eed6d41b5b8e0662c36212009e375/hibernate-validator-5.3.5.Final.jar:/Users/bowei/.gradle/caches/modules-2/files-2.1/com.fasterxml.jackson.core/jackson-databind/2.8.10/f7b83cb2bc4b88d53961e749e1ad32f49ef017b7/jackson-databind-2.8.10.jar:/Users/bowei/.gradle/caches/modules-2/files-2.1/org.springframework/spring-web/4.3.11.RELEASE/50a3dfce550bdf9459dfb2c6282aa104b040258e/spring-web-4.3.11.RELEASE.jar:/Users/bowei/.gradle/caches/modules-2/files-2.1/org.springframework/spring-webmvc/4.3.11.RELEASE/814f91ec4dc324e724bbe7cbc5045b234604c539/spring-webmvc-4.3.11.RELEASE.jar:/Users/bowei/.gradle/caches/modules-2/files-2.1/org.eclipse.jetty/jetty-servlets/9.4.6.v20170531/5adddf5a90f8be30eadf5ca92ae6ac5ffdab54c3/jetty-servlets-9.4.6.v20170531.jar:/Users/bowei/.gradle/caches/modules-2/files-2.1/org.eclipse.jetty/jetty-webapp/9.4.6.v20170531/3e64618f88061ecd5538e6092f44e7410609e41c/jetty-webapp-9.4.6.v20170531.jar:/Users/bowei/.gradle/caches/modules-2/files-2.1/org.eclipse.jetty.websocket/websocket-server/9.4.6.v20170531/3df260d52e941345ad40498bb23307ec3e9c2683/websocket-server-9.4.6.v20170531.jar:/Users/bowei/.gradle/caches/modules-2/files-2.1/org.eclipse.jetty.websocket/javax-websocket-server-impl/9.4.6.v20170531/df28c3f3347bca9425811843196cebae3e66ce20/javax-websocket-server-impl-9.4.6.v20170531.jar:/Users/bowei/.gradle/caches/modules-2/files-2.1/org.mortbay.jasper/apache-el/8.0.33/1b8fa2179b3937cada939317bb135815e79c0ac2/apache-el-8.0.33.jar:/Users/bowei/.gradle/caches/modules-2/files-2.1/org.springframework.boot/spring-boot-actuator/1.5.7.RELEASE/ff3124e2359be5e6c0d9cc501bf214413a329fee/spring-boot-actuator-1.5.7.RELEASE.jar:/Users/bowei/.gradle/caches/modules-2/files-2.1/org.springframework/spring-aop/4.3.11.RELEASE/461d0bb58f1de30203d9331adf4b51de9554de5a/spring-aop-4.3.11.RELEASE.jar:/Users/bowei/.gradle/caches/modules-2/files-2.1/org.springframework.security/spring-security-config/4.2.3.RELEASE/9f3771903616e33521836fd999d63efbfebf90d/spring-security-config-4.2.3.RELEASE.jar:/Users/bowei/.gradle/caches/modules-2/files-2.1/org.springframework.security/spring-security-web/4.2.3.RELEASE/7a03e737484ca232d7146852f06d067ac21427ac/spring-security-web-4.2.3.RELEASE.jar:/Users/bowei/.gradle/caches/modules-2/files-2.1/org.hamcrest/hamcrest-core/1.3/42a25dc3219429f0e5d060061f71acb49bf010a0/hamcrest-core-1.3.jar:/Users/bowei/.gradle/caches/modules-2/files-2.1/org.springframework.boot/spring-boot-test/1.5.7.RELEASE/b8d77445d48f4320f404d8f13f4e5cb95bc36b30/spring-boot-test-1.5.7.RELEASE.jar:/Users/bowei/.gradle/caches/modules-2/files-2.1/org.springframework.boot/spring-boot-test-autoconfigure/1.5.7.RELEASE/8bead16b97c9f1b5fe7c47f3e030dd9351a6974d/spring-boot-test-autoconfigure-1.5.7.RELEASE.jar:/Users/bowei/.gradle/caches/modules-2/files-2.1/com.jayway.jsonpath/json-path/2.2.0/22290d17944bd239fabf5ac69005a60a7ecbbbcb/json-path-2.2.0.jar:/Users/bowei/.gradle/caches/modules-2/files-2.1/org.assertj/assertj-core/2.6.0/b532c3fc4f66bcfee4989a3514f1cd56203a33ad/assertj-core-2.6.0.jar:/Users/bowei/.gradle/caches/modules-2/files-2.1/org.mockito/mockito-core/1.10.19/e8546f5bef4e061d8dd73895b4e8f40e3fe6effe/mockito-core-1.10.19.jar:/Users/bowei/.gradle/caches/modules-2/files-2.1/org.hamcrest/hamcrest-library/1.3/4785a3c21320980282f9f33d0d1264a69040538f/hamcrest-library-1.3.jar:/Users/bowei/.gradle/caches/modules-2/files-2.1/org.skyscreamer/jsonassert/1.4.0/9cdbb373a06f6513e51e8c545ee6a5e981463edb/jsonassert-1.4.0.jar:/Users/bowei/.gradle/caches/modules-2/files-2.1/org.springframework/spring-core/4.3.11.RELEASE/eb30ed093f628279d3aead068fd478fa343f1dad/spring-core-4.3.11.RELEASE.jar:/Users/bowei/.gradle/caches/modules-2/files-2.1/org.springframework/spring-test/4.3.11.RELEASE/cf765b5d6d6bdc38c67522ecae3fe9549da43e1/spring-test-4.3.11.RELEASE.jar:/Users/bowei/.gradle/caches/modules-2/files-2.1/org.springframework.boot/spring-boot/1.5.7.RELEASE/1006870df7b3dc203df7ce84463c5dd7049fdaa4/spring-boot-1.5.7.RELEASE.jar:/Users/bowei/.gradle/caches/modules-2/files-2.1/org.springframework.boot/spring-boot-autoconfigure/1.5.7.RELEASE/e83f1407ff991e9e7eb156f49fa19d868bb73289/spring-boot-autoconfigure-1.5.7.RELEASE.jar:/Users/bowei/.gradle/caches/modules-2/files-2.1/org.springframework.boot/spring-boot-starter-logging/1.5.7.RELEASE/c84c4ea09d7f789a0d5e936a961471e5dbd9295e/spring-boot-starter-logging-1.5.7.RELEASE.jar:/Users/bowei/.gradle/caches/modules-2/files-2.1/org.yaml/snakeyaml/1.17/7a27ea250c5130b2922b86dea63cbb1cc10a660c/snakeyaml-1.17.jar:/Users/bowei/.gradle/caches/modules-2/files-2.1/javax.validation/validation-api/1.1.0.Final/8613ae82954779d518631e05daa73a6a954817d5/validation-api-1.1.0.Final.jar:/Users/bowei/.gradle/caches/modules-2/files-2.1/org.jboss.logging/jboss-logging/3.3.1.Final/c46217ab74b532568c0ed31dc599db3048bd1b67/jboss-logging-3.3.1.Final.jar:/Users/bowei/.gradle/caches/modules-2/files-2.1/com.fasterxml/classmate/1.3.4/3d5f48f10bbe4eb7bd862f10c0583be2e0053c6/classmate-1.3.4.jar:/Users/bowei/.gradle/caches/modules-2/files-2.1/com.fasterxml.jackson.core/jackson-annotations/2.8.0/45b426f7796b741035581a176744d91090e2e6fb/jackson-annotations-2.8.0.jar:/Users/bowei/.gradle/caches/modules-2/files-2.1/com.fasterxml.jackson.core/jackson-core/2.8.10/eb21a035c66ad307e66ec8fce37f5d50fd62d039/jackson-core-2.8.10.jar:/Users/bowei/.gradle/caches/modules-2/files-2.1/org.springframework/spring-beans/4.3.11.RELEASE/591cc35fd39292adae13f01aa13e978d0bb11936/spring-beans-4.3.11.RELEASE.jar:/Users/bowei/.gradle/caches/modules-2/files-2.1/org.springframework/spring-context/4.3.11.RELEASE/3efec2d7c7469d49108a2b21c3f15831f7297569/spring-context-4.3.11.RELEASE.jar:/Users/bowei/.gradle/caches/modules-2/files-2.1/org.springframework/spring-expression/4.3.11.RELEASE/fca662a2fccdad90ec22b2aaecb021047dcbe249/spring-expression-4.3.11.RELEASE.jar:/Users/bowei/.gradle/caches/modules-2/files-2.1/org.eclipse.jetty/jetty-continuation/9.4.6.v20170531/7a3e4ec4d2b7d629707d8e3107bb5ee31f7d2158/jetty-continuation-9.4.6.v20170531.jar:/Users/bowei/.gradle/caches/modules-2/files-2.1/org.eclipse.jetty/jetty-http/9.4.6.v20170531/6c2dd034fc4128ea65f2d0199473cbfb80aeb428/jetty-http-9.4.6.v20170531.jar:/Users/bowei/.gradle/caches/modules-2/files-2.1/org.eclipse.jetty/jetty-util/9.4.6.v20170531/78628ec5cfafbb5b8085342322515c65fadfa1cc/jetty-util-9.4.6.v20170531.jar:/Users/bowei/.gradle/caches/modules-2/files-2.1/org.eclipse.jetty/jetty-io/9.4.6.v20170531/69cdaaac75739eff9ccb4c61f87e4fa3ba280f9/jetty-io-9.4.6.v20170531.jar:/Users/bowei/.gradle/caches/modules-2/files-2.1/org.eclipse.jetty/jetty-xml/9.4.6.v20170531/25818a656163364b89966fbfdc6f43a8d8b65d2a/jetty-xml-9.4.6.v20170531.jar:/Users/bowei/.gradle/caches/modules-2/files-2.1/org.eclipse.jetty/jetty-servlet/9.4.6.v20170531/7d302b454433ee1b9799761c23d0323542f2525b/jetty-servlet-9.4.6.v20170531.jar:/Users/bowei/.gradle/caches/modules-2/files-2.1/org.eclipse.jetty.websocket/websocket-common/9.4.6.v20170531/32ddd92bdb1b9351369b32d770667706c1a7fb67/websocket-common-9.4.6.v20170531.jar:/Users/bowei/.gradle/caches/modules-2/files-2.1/org.eclipse.jetty.websocket/websocket-client/9.4.6.v20170531/7abf96c2a2afa5966fea35375fc0280e1365b8eb/websocket-client-9.4.6.v20170531.jar:/Users/bowei/.gradle/caches/modules-2/files-2.1/org.eclipse.jetty.websocket/websocket-servlet/9.4.6.v20170531/6f4f1a91e61cc15060ea0beecc7a5d035c1d65f6/websocket-servlet-9.4.6.v20170531.jar:/Users/bowei/.gradle/caches/modules-2/files-2.1/org.eclipse.jetty/jetty-annotations/9.4.6.v20170531/6ccc93bb46c6014c7b383efeb14c1233ecb081d9/jetty-annotations-9.4.6.v20170531.jar:/Users/bowei/.gradle/caches/modules-2/files-2.1/org.eclipse.jetty.websocket/javax-websocket-client-impl/9.4.6.v20170531/89157efdf0a2d305276b622e51722275eff28060/javax-websocket-client-impl-9.4.6.v20170531.jar:/Users/bowei/.gradle/caches/modules-2/files-2.1/javax.websocket/javax.websocket-api/1.0/fc843b649d4a1dcb0497669d262befa3918c7ba8/javax.websocket-api-1.0.jar:/Users/bowei/.gradle/caches/modules-2/files-2.1/org.springframework.security/spring-security-core/4.2.3.RELEASE/5c0e47a47036c94d6fdd02696bf52be6d1adbd4d/spring-security-core-4.2.3.RELEASE.jar:/Users/bowei/.gradle/caches/modules-2/files-2.1/net.minidev/json-smart/2.2.1/5b9e5df7a62d1279b70dc882b041d249c4f0b002/json-smart-2.2.1.jar:/Users/bowei/.gradle/caches/modules-2/files-2.1/org.slf4j/slf4j-api/1.7.25/da76ca59f6a57ee3102f8f9bd9cee742973efa8a/slf4j-api-1.7.25.jar:/Users/bowei/.gradle/caches/modules-2/files-2.1/org.objenesis/objenesis/2.1/87c0ea803b69252868d09308b4618f766f135a96/objenesis-2.1.jar:/Users/bowei/.gradle/caches/modules-2/files-2.1/com.vaadin.external.google/android-json/0.0.20131108.vaadin1/fa26d351fe62a6a17f5cda1287c1c6110dec413f/android-json-0.0.20131108.vaadin1.jar:/Users/bowei/.gradle/caches/modules-2/files-2.1/ch.qos.logback/logback-classic/1.1.11/ccedfbacef4a6515d2983e3f89ed753d5d4fb665/logback-classic-1.1.11.jar:/Users/bowei/.gradle/caches/modules-2/files-2.1/org.slf4j/jcl-over-slf4j/1.7.25/f8c32b13ff142a513eeb5b6330b1588dcb2c0461/jcl-over-slf4j-1.7.25.jar:/Users/bowei/.gradle/caches/modules-2/files-2.1/org.slf4j/jul-to-slf4j/1.7.25/af5364cd6679bfffb114f0dec8a157aaa283b76/jul-to-slf4j-1.7.25.jar:/Users/bowei/.gradle/caches/modules-2/files-2.1/org.slf4j/log4j-over-slf4j/1.7.25/a87bb47468f47ee7aabbd54f93e133d4215769c3/log4j-over-slf4j-1.7.25.jar:/Users/bowei/.gradle/caches/modules-2/files-2.1/org.eclipse.jetty/jetty-security/9.4.6.v20170531/6c4cdac99130d887abc6fa6645adcd033f763d02/jetty-security-9.4.6.v20170531.jar:/Users/bowei/.gradle/caches/modules-2/files-2.1/org.eclipse.jetty.websocket/websocket-api/9.4.6.v20170531/67e88613850da0aa0874e9b6bc2d7dd812968346/websocket-api-9.4.6.v20170531.jar:/Users/bowei/.gradle/caches/modules-2/files-2.1/org.eclipse.jetty/jetty-client/9.4.6.v20170531/ec4139632f338738124e1d77824e3b73be1c6f5f/jetty-client-9.4.6.v20170531.jar:/Users/bowei/.gradle/caches/modules-2/files-2.1/javax.servlet/javax.servlet-api/3.1.0/3cd63d075497751784b2fa84be59432f4905bf7c/javax.servlet-api-3.1.0.jar:/Users/bowei/.gradle/caches/modules-2/files-2.1/org.eclipse.jetty/jetty-plus/9.4.6.v20170531/8b6922eb2746ffe801457d400de9e99e21c491b5/jetty-plus-9.4.6.v20170531.jar:/Users/bowei/.gradle/caches/modules-2/files-2.1/javax.annotation/javax.annotation-api/1.2/479c1e06db31c432330183f5cae684163f186146/javax.annotation-api-1.2.jar:/Users/bowei/.gradle/caches/modules-2/files-2.1/org.ow2.asm/asm/5.1/5ef31c4fe953b1fd00b8a88fa1d6820e8785bb45/asm-5.1.jar:/Users/bowei/.gradle/caches/modules-2/files-2.1/org.ow2.asm/asm-commons/5.1/25d8a575034dd9cfcb375a39b5334f0ba9c8474e/asm-commons-5.1.jar:/Users/bowei/.gradle/caches/modules-2/files-2.1/net.minidev/accessors-smart/1.1/a527213f2fea112a04c9bdf0ec0264e34104cd08/accessors-smart-1.1.jar:/Users/bowei/.gradle/caches/modules-2/files-2.1/ch.qos.logback/logback-core/1.1.11/88b8df40340eed549fb07e2613879bf6b006704d/logback-core-1.1.11.jar:/Users/bowei/.gradle/caches/modules-2/files-2.1/org.eclipse.jetty/jetty-server/9.4.6.v20170531/afda653f00267fb8b501cafd1cf5cdd1615602a2/jetty-server-9.4.6.v20170531.jar:/Users/bowei/.gradle/caches/modules-2/files-2.1/org.ow2.asm/asm-tree/5.1/87b38c12a0ea645791ead9d3e74ae5268d1d6c34/asm-tree-5.1.jar, user.name=bowei, java.vm.specification.version=1.8, sun.java.command=jarjar.org.gradle.process.internal.launcher.GradleWorkerMain 'Gradle Test Executor 1', java.home=/Library/Java/JavaVirtualMachines/jdk1.8.0_101.jdk/Contents/Home/jre, sun.arch.data.model=64, user.language=en, java.specification.vendor=Oracle Corporation, awt.toolkit=sun.lwawt.macosx.LWCToolkit, java.vm.info=mixed mode, java.version=1.8.0_101, java.ext.dirs=/Users/bowei/Library/Java/Extensions:/Library/Java/JavaVirtualMachines/jdk1.8.0_101.jdk/Contents/Home/jre/lib/ext:/Library/Java/Extensions:/Network/Library/Java/Extensions:/System/Library/Java/Extensions:/usr/lib/java, sun.boot.class.path=/Library/Java/JavaVirtualMachines/jdk1.8.0_101.jdk/Contents/Home/jre/lib/resources.jar:/Library/Java/JavaVirtualMachines/jdk1.8.0_101.jdk/Contents/Home/jre/lib/rt.jar:/Library/Java/JavaVirtualMachines/jdk1.8.0_101.jdk/Contents/Home/jre/lib/sunrsasign.jar:/Library/Java/JavaVirtualMachines/jdk1.8.0_101.jdk/Contents/Home/jre/lib/jsse.jar:/Library/Java/JavaVirtualMachines/jdk1.8.0_101.jdk/Contents/Home/jre/lib/jce.jar:/Library/Java/JavaVirtualMachines/jdk1.8.0_101.jdk/Contents/Home/jre/lib/charsets.jar:/Library/Java/JavaVirtualMachines/jdk1.8.0_101.jdk/Contents/Home/jre/lib/jfr.jar:/Library/Java/JavaVirtualMachines/jdk1.8.0_101.jdk/Contents/Home/jre/classes, java.vendor=Oracle Corporation, org.gradle.test.worker=1, file.separator=/, java.vendor.url.bug=http://bugreport.sun.com/bugreport/, sun.io.unicode.encoding=UnicodeBig, sun.cpu.endian=little, socksNonProxyHosts=local|*.local|169.254/16|*.169.254/16, ftp.nonProxyHosts=local|*.local|169.254/16|*.169.254/16, sun.cpu.isalist=}}, SystemEnvironmentPropertySource@680470227 {name='systemEnvironment', properties={PATH=/opt/apache-maven-3.3.9/bin:/Users/bowei/.rbenv/shims:/Applications/Postgres.app/Contents/Versions/latest/bin:/usr/local/bin:/usr/local/bin:/usr/bin:/bin:/usr/sbin:/sbin, vcsinfo=master, JAVA_HOME=/Library/Java/JavaVirtualMachines/jdk1.8.0_101.jdk/Contents/Home, JAVA_MAIN_CLASS_12658=jarjar.org.gradle.process.internal.launcher.GradleWorkerMain, TERM=xterm-256color, RBENV_SHELL=bash, LANG=en_CA.UTF-8, APP_NAME_12647=Gradle, LOGNAME=bowei, PROMPT_COMMAND=prompt_command, TERM_PROGRAM_VERSION=361.1, PWD=/Users/bowei/Documents/Development/bsa/bsa-server, XPC_SERVICE_NAME=0, SHELL=/bin/bash, TERM_PROGRAM=Apple_Terminal, LSCOLORS=ExFxBxBxCxegedabagacad, JAVA_MAIN_CLASS_12647=org.gradle.wrapper.GradleWrapperMain, OLDPWD=/Users/bowei/Documents/Development/bsa/bsa-server, CLICOLOR=1, USER=bowei, TMPDIR=/var/folders/3h/2f91h1711v7gpdy8gqt4j4_00000gn/T/, SSH_AUTH_SOCK=/private/tmp/com.apple.launchd.ZHUaiOWGtl/Listeners, XPC_FLAGS=0x0, TERM_SESSION_ID=EF60D9CA-E3D5-473A-8C6F-9B167E2CA734, APP_ICON_12647=/Users/bowei/Documents/Development/bsa/bsa-server/media/gradle.icns, __CF_USER_TEXT_ENCODING=0x1F5:0x0:0x0, Apple_PubSub_Socket_Render=/private/tmp/com.apple.launchd.npHBWSC9x0/Render, HOME=/Users/bowei, SHLVL=1}}]
20:01:26.358 [Test worker] DEBUG org.springframework.core.io.support.PathMatchingResourcePatternResolver - Resolved classpath location [hello/] to resources [URL [file:/Users/bowei/Documents/Development/bsa/bsa-server/build/classes/test/hello/], URL [file:/Users/bowei/Documents/Development/bsa/bsa-server/build/classes/main/hello/]]
20:01:26.358 [Test worker] DEBUG org.springframework.core.io.support.PathMatchingResourcePatternResolver - Looking for matching resources in directory tree [/Users/bowei/Documents/Development/bsa/bsa-server/build/classes/test/hello]
20:01:26.358 [Test worker] DEBUG org.springframework.core.io.support.PathMatchingResourcePatternResolver - Searching directory [/Users/bowei/Documents/Development/bsa/bsa-server/build/classes/test/hello] for files matching pattern [/Users/bowei/Documents/Development/bsa/bsa-server/build/classes/test/hello/*.class]
20:01:26.359 [Test worker] DEBUG org.springframework.core.io.support.PathMatchingResourcePatternResolver - Looking for matching resources in directory tree [/Users/bowei/Documents/Development/bsa/bsa-server/build/classes/main/hello]
20:01:26.359 [Test worker] DEBUG org.springframework.core.io.support.PathMatchingResourcePatternResolver - Searching directory [/Users/bowei/Documents/Development/bsa/bsa-server/build/classes/main/hello] for files matching pattern [/Users/bowei/Documents/Development/bsa/bsa-server/build/classes/main/hello/*.class]
20:01:26.359 [Test worker] DEBUG org.springframework.core.io.support.PathMatchingResourcePatternResolver - Resolved location pattern [classpath*:hello/*.class] to resources [file [/Users/bowei/Documents/Development/bsa/bsa-server/build/classes/test/hello/UsersResourceIT.class], file [/Users/bowei/Documents/Development/bsa/bsa-server/build/classes/test/hello/UsersResourceTest.class]]
]]></system-out>
  <system-err><![CDATA[]]></system-err>
</testsuite>
